<?xml version="1.0" encoding="UTF-8"?>
<!-- Generated by org.testng.reporters.JUnitXMLReporter -->
<testsuite hostname="P10102398" name="Test" tests="5" failures="0" timestamp="16 Mar 2016 08:58:44 GMT" time="0.556" errors="0">
  <testcase name="testDataType" time="0.014" classname="com.m3u8.test.TestBase"/>
  <testcase name="testDefinition" time="0.0" classname="com.m3u8.test.TestBase"/>
  <testcase name="testMaxTime" time="0.001" classname="com.m3u8.test.TestBase"/>
  <testcase name="testResponse" time="0.34" classname="com.m3u8.test.TestBase"/>
  <testcase name="testSeg_noRank" time="0.172" classname="com.m3u8.test.TestBase"/>
</testsuite> <!-- Test -->
